<?xml version="1.0" encoding="UTF-8"?>
<!-- Generated by org.testng.reporters.JUnitReportReporter -->
<testsuite skipped="0" hostname="LAPTOP-784FVESE" name="com.liqi.nzhgtest.journeytest.JourneyTest1" tests="7" failures="0" timestamp="2020-01-16T16:35:53 NZDT" time="27.954" errors="0">
  <testcase name="isLoginLinkExisting" time="0.581" classname="com.liqi.nzhgtest.journeytest.JourneyTest1"/>
  <testcase name="isLoginPageDisplayed" time="1.053" classname="com.liqi.nzhgtest.journeytest.JourneyTest1"/>
  <testcase name="isProductListPageDisplayed" time="4.308" classname="com.liqi.nzhgtest.journeytest.JourneyTest1"/>
  <testcase name="isProductDetailPageDisplayed" time="4.292" classname="com.liqi.nzhgtest.journeytest.JourneyTest1"/>
  <testcase name="isCartDisplayed" time="6.535" classname="com.liqi.nzhgtest.journeytest.JourneyTest1"/>
  <testcase name="isCheckoutDisplayed" time="11.177" classname="com.liqi.nzhgtest.journeytest.JourneyTest1"/>
  <testcase name="isPaymentPageDisplayed" time="0.008" classname="com.liqi.nzhgtest.journeytest.JourneyTest1"/>
</testsuite> <!-- com.liqi.nzhgtest.journeytest.JourneyTest1 -->
